This file contains any messages produced by compilers while
running configure, to aid debugging if configure makes a mistake.

It was created by PHP configure 7.4.7, which was
generated by GNU Autoconf 2.69.  Invocation command line was

  $ /d/php-7.4.7/configure 

## --------- ##
## Platform. ##
## --------- ##

hostname = MYKE
uname -m = i686
uname -r = 3.1.7-340.i686
uname -s = MINGW32_NT-10.0-18362-WOW64
uname -v = 2020-10-23 13:08 UTC

/usr/bin/uname -p = unknown
/bin/uname -X     = unknown

/bin/arch              = i686
/usr/bin/arch -k       = unknown
/usr/convex/getsysinfo = unknown
/usr/bin/hostinfo      = unknown
/bin/machine           = unknown
/usr/bin/oslevel       = unknown
/bin/universe          = unknown

PATH: /c/Users/Admin/bin
PATH: /mingw32/bin
PATH: /usr/local/bin
PATH: /usr/bin
PATH: /bin
PATH: /mingw32/bin
PATH: /usr/bin
PATH: /c/Users/Admin/bin
PATH: /c/Program Files (x86)/Falcon/MinGW/bin
PATH: /c/Program Files/Common Files/Oracle/Java/javapath
PATH: %PATH%
PATH: /c/composer
PATH: /c/ProgramData/ComposerSetup/bin
PATH: /c/Users/Admin/AppData/Roaming/Composer/vendor/bin
PATH: /c/composer
PATH: /d/Ampps/php-7.3
PATH: /c/ProgramData/ComposerSetup/bin
PATH: /c/Users/Admin/AppData/Roaming/Composer/vendor/bin
PATH: d
PATH: ampps/www/composer
PATH: /d/php-7.4.7
PATH: /c/Users/Admin/AppData/Roaming/Composer/vendor/bin
PATH: /c/ProgramData/chocolatey/bin
PATH: /c/Program Files (x86)/Vega/Vega.exe
PATH: /c/Program Files/Microsoft SQL Server/120/Tools/Binn
PATH: /c/Program Files (x86)/WinSCP
PATH: /c/Program Files/Java/jdk-12/bin/javaw
PATH: /c/MinGW/bin
PATH: /c/MinGW/bin
PATH: /c/Program Files/Java/jdk-11.0.8/bin
PATH: /c/Program Files/Java/jdk-11/bin
PATH: /c/MinGW/bin
PATH: /c/MinGW/bin/g++.exe
PATH: /c/Program Files (x86)/Brackets/command
PATH: /cmd
PATH: /c/Program Files/Perforce
PATH: /c/Program Files/MongoDB/Server/4.4/bin
PATH: /c/Windows/System32/wbem
PATH: /c/Program Files/Microsoft SQL Server/Client SDK/ODBC/170/Tools/Binn
PATH: /c/Program Files (x86)/Microsoft SQL Server/150/Tools/Binn
PATH: /c/Program Files/Microsoft SQL Server/150/Tools/Binn
PATH: /c/Program Files/Microsoft SQL Server/150/DTS/Binn
PATH: /c/Program Files/nodejs
PATH: /c/Program Files/nodejs
PATH: /c/Users/Admin/AppData/Local/Programs/Python/Python38-32/Scripts
PATH: /c/Users/Admin/AppData/Local/Programs/Python/Python38-32
PATH: /c/Program Files (x86)/Falcon/MinGW/bin
PATH: /c/Program Files/Common Files/Oracle/Java/javapath
PATH: %PATH%
PATH: /c/composer
PATH: /c/ProgramData/ComposerSetup/bin
PATH: /c/Users/Admin/AppData/Roaming/Composer/vendor/bin
PATH: /c/composer
PATH: /d/Ampps/php-7.3
PATH: /c/ProgramData/ComposerSetup/bin
PATH: /c/Users/Admin/AppData/Roaming/Composer/vendor/bin
PATH: d
PATH: ampps/www/composer
PATH: /d/php-7.4.7
PATH: /c/Users/Admin/AppData/Roaming/Composer/vendor/bin
PATH: /c/ProgramData/chocolatey/bin
PATH: /c/Program Files (x86)/Vega/Vega.exe
PATH: /c/Program Files/Microsoft SQL Server/120/Tools/Binn
PATH: /c/Program Files (x86)/WinSCP
PATH: /c/Program Files/Java/jdk-12/bin/javaw
PATH: /c/MinGW/bin
PATH: /c/MinGW/bin
PATH: /c/Program Files/Java/jdk-11.0.8/bin
PATH: /c/Program Files/Java/jdk-11/bin
PATH: /c/MinGW/bin
PATH: /c/MinGW/bin/g++.exe
PATH: /c/Program Files (x86)/Brackets/command
PATH: /cmd
PATH: /c/Program Files/Perforce
PATH: /c/Program Files/MongoDB/Server/4.4/bin
PATH: /c/Windows/System32/wbem
PATH: /c/Program Files/Microsoft SQL Server/Client SDK/ODBC/170/Tools/Binn
PATH: /c/Program Files (x86)/Microsoft SQL Server/150/Tools/Binn
PATH: /c/Program Files/Microsoft SQL Server/150/Tools/Binn
PATH: /c/Program Files/Microsoft SQL Server/150/DTS/Binn
PATH: /c/Program Files/nodejs
PATH: /c/Program Files/nodejs
PATH: /c/composer
PATH: /c/ProgramData/ComposerSetup/bin
PATH: /c/Users/Admin/AppData/Roaming/Composer/vendor/bin
PATH: /c/composer
PATH: /d/Ampps/php-7.3
PATH: /c/ProgramData/ComposerSetup/bin
PATH: /c/Users/Admin/AppData/Roaming/Composer/vendor/bin
PATH: d
PATH: ampps/www/composer
PATH: /d/php-7.4.7
PATH: /c/Users/Admin/AppData/Roaming/Composer/vendor/bin
PATH: /d
PATH: /c/ProgramData/chocolatey/bin
PATH: /c/Program Files (x86)/Vega/Vega.exe
PATH: /c/Users/Admin/.dnx/bin
PATH: /c/Program Files/Microsoft DNX/Dnvm
PATH: /c/Program Files/Microsoft SQL Server/120/Tools/Binn
PATH: /c/Program Files (x86)/WinSCP
PATH: /c/Program Files/Java/jdk-12/bin/javaw
PATH: /c/Program Files (x86)/Windows Kits/8.1/Windows Performance Toolkit
PATH: /d/Ampps/php-7.3/php
PATH: /c/Program Files/JetBrains/PhpStorm 2019.1.3/bin
PATH: /d/Nmap
PATH: /c/Program Files/heroku/bin
PATH: /c/Program Files/JetBrains/PyCharm Community Edition 2019.3.1/bin
PATH: /c/Users/Admin/AppData/Local/GitHubDesktop/bin
PATH: /c/Program Files/JetBrains/PyCharm Community Edition 2020.2/bin
PATH: /c/composer
PATH: /c/Program
PATH: /c/MinGW/bin
PATH: /c/Users/Admin/AppData/Local/Programs/Microsoft VS Code/bin
PATH: /c/Program Files/JetBrains/IntelliJ IDEA Community Edition 2020.2.1/bin
PATH: /c/Users/Admin/AppData/Local/Programs/Azure Data Studio/bin
PATH: /c/Users/Admin/AppData/Roaming/npm
PATH: /usr/bin/vendor_perl
PATH: /usr/bin/core_perl


## ----------- ##
## Core tests. ##
## ----------- ##

configure:3429: checking for grep that handles long lines and -e
configure:3487: result: /usr/bin/grep
configure:3492: checking for egrep
configure:3554: result: /usr/bin/grep -E
configure:3559: checking for a sed that does not truncate output
configure:3623: result: /usr/bin/sed
configure:3706: checking build system type
configure:3720: result: i686-pc-mingw32
configure:3740: checking host system type
configure:3753: result: i686-pc-mingw32
configure:3773: checking target system type
configure:3786: result: i686-pc-mingw32
configure:3945: checking for pkg-config
configure:3978: result: no
configure:4065: checking for cc
configure:4095: result: no
configure:4065: checking for gcc
configure:4081: found /c/Program Files (x86)/Falcon/MinGW/bin/gcc
configure:4092: result: gcc
configure:4123: checking for C compiler version
configure:4132: gcc --version >&5
gcc.exe (TDM-2 mingw32) 4.4.1
Copyright (C) 2009 Free Software Foundation, Inc.
This is free software; see the source for copying conditions.  There is NO
warranty; not even for MERCHANTABILITY or FITNESS FOR A PARTICULAR PURPOSE.

configure:4143: $? = 0
configure:4132: gcc -v >&5
Using built-in specs.
Target: mingw32
Configured with: ../../gcc-4.4.1/configure --prefix=/mingw --build=mingw32 --enable-languages=c,ada,c++,fortran,objc,obj-c++ --disable-nls --disable-win32-registry --enable-libgomp --enable-cxx-flags='-fno-function-sections -fno-data-sections' --disable-werror --enable-threads --disable-symvers --enable-version-specific-runtime-libs --enable-fully-dynamic-string --with-pkgversion='TDM-2 mingw32' --enable-sjlj-exceptions --with-bugurl=http://www.tdragon.net/recentgcc/bugs.php
Thread model: win32
gcc version 4.4.1 (TDM-2 mingw32) 
configure:4143: $? = 0
configure:4132: gcc -V >&5
gcc.exe: '-V' option must have argument
configure:4143: $? = 1
configure:4132: gcc -qversion >&5
gcc.exe: unrecognized option '-qversion'
gcc.exe: no input files
configure:4143: $? = 1
configure:4163: checking whether the C compiler works
configure:4185: gcc    conftest.c  >&5
configure:4189: $? = 0
configure:4237: result: yes
configure:4240: checking for C compiler default output file name
configure:4242: result: a.exe
configure:4248: checking for suffix of executables
configure:4255: gcc -o conftest.exe    conftest.c  >&5
configure:4259: $? = 0
configure:4281: result: .exe
configure:4303: checking whether we are cross compiling
configure:4311: gcc -o conftest.exe    conftest.c  >&5
configure:4315: $? = 0
configure:4322: ./conftest.exe
configure:4326: $? = 0
configure:4341: result: no
configure:4346: checking for suffix of object files
configure:4368: gcc -c   conftest.c >&5
configure:4372: $? = 0
configure:4393: result: o
configure:4397: checking whether we are using the GNU C compiler
configure:4416: gcc -c   conftest.c >&5
configure:4416: $? = 0
configure:4425: result: yes
configure:4434: checking whether gcc accepts -g
configure:4454: gcc -c -g  conftest.c >&5
configure:4454: $? = 0
configure:4495: result: yes
configure:4512: checking for gcc option to accept ISO C89
configure:4575: gcc  -c -g -O2  conftest.c >&5
configure:4575: $? = 0
configure:4588: result: none needed
configure:4614: checking how to run the C preprocessor
configure:4645: gcc -E  conftest.c
configure:4645: $? = 0
configure:4659: gcc -E  conftest.c
conftest.c:9:28: error: ac_nonexistent.h: No such file or directory
configure:4659: $? = 1
configure: failed program was:
| /* confdefs.h */
| #define PACKAGE_NAME "PHP"
| #define PACKAGE_TARNAME "php"
| #define PACKAGE_VERSION "7.4.7"
| #define PACKAGE_STRING "PHP 7.4.7"
| #define PACKAGE_BUGREPORT "https://bugs.php.net"
| #define PACKAGE_URL "https://www.php.net"
| /* end confdefs.h.  */
| #include <ac_nonexistent.h>
configure:4684: result: gcc -E
configure:4704: gcc -E  conftest.c
configure:4704: $? = 0
configure:4718: gcc -E  conftest.c
conftest.c:9:28: error: ac_nonexistent.h: No such file or directory
configure:4718: $? = 1
configure: failed program was:
| /* confdefs.h */
| #define PACKAGE_NAME "PHP"
| #define PACKAGE_TARNAME "php"
| #define PACKAGE_VERSION "7.4.7"
| #define PACKAGE_STRING "PHP 7.4.7"
| #define PACKAGE_BUGREPORT "https://bugs.php.net"
| #define PACKAGE_URL "https://www.php.net"
| /* end confdefs.h.  */
| #include <ac_nonexistent.h>
configure:4749: checking for icc
configure:4758: result: no
configure:4772: checking for suncc
configure:4781: result: no
configure:4800: checking how to run the C preprocessor
configure:4870: result: gcc -E
configure:4890: gcc -E  conftest.c
configure:4890: $? = 0
configure:4904: gcc -E  conftest.c
conftest.c:9:28: error: ac_nonexistent.h: No such file or directory
configure:4904: $? = 1
configure: failed program was:
| /* confdefs.h */
| #define PACKAGE_NAME "PHP"
| #define PACKAGE_TARNAME "php"
| #define PACKAGE_VERSION "7.4.7"
| #define PACKAGE_STRING "PHP 7.4.7"
| #define PACKAGE_BUGREPORT "https://bugs.php.net"
| #define PACKAGE_URL "https://www.php.net"
| /* end confdefs.h.  */
| #include <ac_nonexistent.h>
configure:4932: checking for ANSI C header files
configure:4952: gcc -c -g -O2  conftest.c >&5
configure:4952: $? = 0
configure:5025: gcc -o conftest.exe -g -O2   conftest.c  >&5
configure:5025: $? = 0
configure:5025: ./conftest.exe
configure:5025: $? = 0
configure:5036: result: yes
configure:5049: checking for sys/types.h
configure:5049: gcc -c -g -O2  conftest.c >&5
configure:5049: $? = 0
configure:5049: result: yes
configure:5049: checking for sys/stat.h
configure:5049: gcc -c -g -O2  conftest.c >&5
configure:5049: $? = 0
configure:5049: result: yes
configure:5049: checking for stdlib.h
configure:5049: gcc -c -g -O2  conftest.c >&5
configure:5049: $? = 0
configure:5049: result: yes
configure:5049: checking for string.h
configure:5049: gcc -c -g -O2  conftest.c >&5
configure:5049: $? = 0
configure:5049: result: yes
configure:5049: checking for memory.h
configure:5049: gcc -c -g -O2  conftest.c >&5
configure:5049: $? = 0
configure:5049: result: yes
configure:5049: checking for strings.h
configure:5049: gcc -c -g -O2  conftest.c >&5
configure:5049: $? = 0
configure:5049: result: yes
configure:5049: checking for inttypes.h
configure:5049: gcc -c -g -O2  conftest.c >&5
configure:5049: $? = 0
configure:5049: result: yes
configure:5049: checking for stdint.h
configure:5049: gcc -c -g -O2  conftest.c >&5
configure:5049: $? = 0
configure:5049: result: yes
configure:5049: checking for unistd.h
configure:5049: gcc -c -g -O2  conftest.c >&5
configure:5049: $? = 0
configure:5049: result: yes
configure:5062: checking minix/config.h usability
configure:5062: gcc -c -g -O2  conftest.c >&5
conftest.c:52:26: error: minix/config.h: No such file or directory
configure:5062: $? = 1
configure: failed program was:
| /* confdefs.h */
| #define PACKAGE_NAME "PHP"
| #define PACKAGE_TARNAME "php"
| #define PACKAGE_VERSION "7.4.7"
| #define PACKAGE_STRING "PHP 7.4.7"
| #define PACKAGE_BUGREPORT "https://bugs.php.net"
| #define PACKAGE_URL "https://www.php.net"
| #define STDC_HEADERS 1
| #define HAVE_SYS_TYPES_H 1
| #define HAVE_SYS_STAT_H 1
| #define HAVE_STDLIB_H 1
| #define HAVE_STRING_H 1
| #define HAVE_MEMORY_H 1
| #define HAVE_STRINGS_H 1
| #define HAVE_INTTYPES_H 1
| #define HAVE_STDINT_H 1
| #define HAVE_UNISTD_H 1
| /* end confdefs.h.  */
| #include <stdio.h>
| #ifdef HAVE_SYS_TYPES_H
| # include <sys/types.h>
| #endif
| #ifdef HAVE_SYS_STAT_H
| # include <sys/stat.h>
| #endif
| #ifdef STDC_HEADERS
| # include <stdlib.h>
| # include <stddef.h>
| #else
| # ifdef HAVE_STDLIB_H
| #  include <stdlib.h>
| # endif
| #endif
| #ifdef HAVE_STRING_H
| # if !defined STDC_HEADERS && defined HAVE_MEMORY_H
| #  include <memory.h>
| # endif
| # include <string.h>
| #endif
| #ifdef HAVE_STRINGS_H
| # include <strings.h>
| #endif
| #ifdef HAVE_INTTYPES_H
| # include <inttypes.h>
| #endif
| #ifdef HAVE_STDINT_H
| # include <stdint.h>
| #endif
| #ifdef HAVE_UNISTD_H
| # include <unistd.h>
| #endif
| #include <minix/config.h>
configure:5062: result: no
configure:5062: checking minix/config.h presence
configure:5062: gcc -E  conftest.c
conftest.c:19:26: error: minix/config.h: No such file or directory
configure:5062: $? = 1
configure: failed program was:
| /* confdefs.h */
| #define PACKAGE_NAME "PHP"
| #define PACKAGE_TARNAME "php"
| #define PACKAGE_VERSION "7.4.7"
| #define PACKAGE_STRING "PHP 7.4.7"
| #define PACKAGE_BUGREPORT "https://bugs.php.net"
| #define PACKAGE_URL "https://www.php.net"
| #define STDC_HEADERS 1
| #define HAVE_SYS_TYPES_H 1
| #define HAVE_SYS_STAT_H 1
| #define HAVE_STDLIB_H 1
| #define HAVE_STRING_H 1
| #define HAVE_MEMORY_H 1
| #define HAVE_STRINGS_H 1
| #define HAVE_INTTYPES_H 1
| #define HAVE_STDINT_H 1
| #define HAVE_UNISTD_H 1
| /* end confdefs.h.  */
| #include <minix/config.h>
configure:5062: result: no
configure:5062: checking for minix/config.h
configure:5062: result: no
configure:5083: checking whether it is safe to define __EXTENSIONS__
configure:5101: gcc -c -g -O2  conftest.c >&5
configure:5101: $? = 0
configure:5108: result: yes
configure:5122: checking whether ln -s works
configure:5129: result: no, using cp -pR
configure:5137: checking for system library directory
configure:5152: result: lib
configure:5161: checking whether to enable runpaths
configure:5175: result: yes
configure:5182: checking if compiler supports -R
configure:5201: gcc -o conftest.exe -g -O2   conftest.c -R /usr/lib  >&5
ld: cannot find C:/Program Files (x86)/Git/usr/lib: Permission denied
gcc.exe: unrecognized option '-R'
configure:5201: $? = 1
configure: failed program was:
| /* confdefs.h */
| #define PACKAGE_NAME "PHP"
| #define PACKAGE_TARNAME "php"
| #define PACKAGE_VERSION "7.4.7"
| #define PACKAGE_STRING "PHP 7.4.7"
| #define PACKAGE_BUGREPORT "https://bugs.php.net"
| #define PACKAGE_URL "https://www.php.net"
| #define STDC_HEADERS 1
| #define HAVE_SYS_TYPES_H 1
| #define HAVE_SYS_STAT_H 1
| #define HAVE_STDLIB_H 1
| #define HAVE_STRING_H 1
| #define HAVE_MEMORY_H 1
| #define HAVE_STRINGS_H 1
| #define HAVE_INTTYPES_H 1
| #define HAVE_STDINT_H 1
| #define HAVE_UNISTD_H 1
| #define __EXTENSIONS__ 1
| #define _ALL_SOURCE 1
| #define _GNU_SOURCE 1
| #define _POSIX_PTHREAD_SEMANTICS 1
| #define _TANDEM_SOURCE 1
| /* end confdefs.h.  */
| 
| int
| main ()
| {
| 
|   ;
|   return 0;
| }
configure:5211: result: no
configure:5216: checking if compiler supports -Wl,-rpath,
configure:5235: gcc -o conftest.exe -g -O2   conftest.c -Wl,-rpath,/usr/lib  >&5
configure:5235: $? = 0
configure:5245: result: yes
configure:5263: checking for gawk
configure:5280: found /usr/bin/gawk
configure:5291: result: gawk
configure:5333: checking for bison
configure:5363: result: no
configure:5431: checking for re2c
configure:5461: result: no
configure:5521: checking whether to enable computed goto gcc extension with re2c
configure:5535: result: no
configure:5603: checking whether C compiler accepts -fvisibility=hidden
configure:5622: gcc -c -g -O2  -fvisibility=hidden  conftest.c >&5
conftest.c: In function 'main':
conftest.c:31: warning: visibility attribute not supported in this configuration; ignored
configure:5622: $? = 0
configure:5630: result: yes
configure:5694: checking whether to force non-PIC code in shared modules
configure:5708: result: no
configure:5721: checking whether /dev/urandom exists
configure:5727: result: yes
configure:5742: checking for global register variables support
configure:5793: gcc -c -g -O2 -fvisibility=hidden  conftest.c >&5
conftest.c:47:3: error: #error "global register variables are not supported"
conftest.c:50: error: expected string literal before 'ZEND_VM_FP_GLOBAL_REG'
conftest.c:51: error: expected string literal before 'ZEND_VM_IP_GLOBAL_REG'
configure:5793: $? = 1
configure: failed program was:
| /* confdefs.h */
| #define PACKAGE_NAME "PHP"
| #define PACKAGE_TARNAME "php"
| #define PACKAGE_VERSION "7.4.7"
| #define PACKAGE_STRING "PHP 7.4.7"
| #define PACKAGE_BUGREPORT "https://bugs.php.net"
| #define PACKAGE_URL "https://www.php.net"
| #define STDC_HEADERS 1
| #define HAVE_SYS_TYPES_H 1
| #define HAVE_SYS_STAT_H 1
| #define HAVE_STDLIB_H 1
| #define HAVE_STRING_H 1
| #define HAVE_MEMORY_H 1
| #define HAVE_STRINGS_H 1
| #define HAVE_INTTYPES_H 1
| #define HAVE_STDINT_H 1
| #define HAVE_UNISTD_H 1
| #define __EXTENSIONS__ 1
| #define _ALL_SOURCE 1
| #define _GNU_SOURCE 1
| #define _POSIX_PTHREAD_SEMANTICS 1
| #define _TANDEM_SOURCE 1
| #define HAVE_DEV_URANDOM 1
| /* end confdefs.h.  */
| 
| #if defined(__GNUC__)
| # define ZEND_GCC_VERSION (__GNUC__ * 1000 + __GNUC_MINOR__)
| #else
| # define ZEND_GCC_VERSION 0
| #endif
| #if defined(__GNUC__) && ZEND_GCC_VERSION >= 4008 && defined(i386)
| # define ZEND_VM_FP_GLOBAL_REG "%esi"
| # define ZEND_VM_IP_GLOBAL_REG "%edi"
| #elif defined(__GNUC__) && ZEND_GCC_VERSION >= 4008 && defined(__x86_64__)
| # define ZEND_VM_FP_GLOBAL_REG "%r14"
| # define ZEND_VM_IP_GLOBAL_REG "%r15"
| #elif defined(__GNUC__) && ZEND_GCC_VERSION >= 4008 && defined(__powerpc64__)
| # define ZEND_VM_FP_GLOBAL_REG "r28"
| # define ZEND_VM_IP_GLOBAL_REG "r29"
| #elif defined(__IBMC__) && ZEND_GCC_VERSION >= 4002 && defined(__powerpc64__)
| # define ZEND_VM_FP_GLOBAL_REG "r28"
| # define ZEND_VM_IP_GLOBAL_REG "r29"
| #elif defined(__GNUC__) && ZEND_GCC_VERSION >= 4008 && defined(__aarch64__)
| # define ZEND_VM_FP_GLOBAL_REG "x27"
| # define ZEND_VM_IP_GLOBAL_REG "x28"
| #else
| # error "global register variables are not supported"
| #endif
| typedef int (*opcode_handler_t)(void);
| register void *FP  __asm__(ZEND_VM_FP_GLOBAL_REG);
| register const opcode_handler_t *IP __asm__(ZEND_VM_IP_GLOBAL_REG);
| int emu(const opcode_handler_t *ip, void *fp) {
| 	const opcode_handler_t *orig_ip = IP;
| 	void *orig_fp = FP;
| 	IP = ip;
| 	FP = fp;
| 	while ((*ip)());
| 	FP = orig_fp;
| 	IP = orig_ip;
| }
| 
| int
| main ()
| {
| 
| 
|   ;
|   return 0;
| }
configure:5811: result: no
configure:5814: checking whether atof() accepts NAN
configure:5845: gcc -o conftest.exe -g -O2 -fvisibility=hidden   conftest.c  >&5
conftest.c: In function 'main':
conftest.c:40: warning: visibility attribute not supported in this configuration; ignored
configure:5845: $? = 0
configure:5845: ./conftest.exe

## ---------------- ##
## Cache variables. ##
## ---------------- ##

ac_cv_build=i686-pc-mingw32
ac_cv_c_compiler_gnu=yes
ac_cv_env_CCC_set=
ac_cv_env_CCC_value=
ac_cv_env_CC_set=
ac_cv_env_CC_value=
ac_cv_env_CFLAGS_set=
ac_cv_env_CFLAGS_value=
ac_cv_env_CPPFLAGS_set=
ac_cv_env_CPPFLAGS_value=
ac_cv_env_CPP_set=
ac_cv_env_CPP_value=
ac_cv_env_CURL_CFLAGS_set=
ac_cv_env_CURL_CFLAGS_value=
ac_cv_env_CURL_FEATURES_set=
ac_cv_env_CURL_FEATURES_value=
ac_cv_env_CURL_LIBS_set=
ac_cv_env_CURL_LIBS_value=
ac_cv_env_CXXCPP_set=
ac_cv_env_CXXCPP_value=
ac_cv_env_CXXFLAGS_set=
ac_cv_env_CXXFLAGS_value=
ac_cv_env_CXX_set=
ac_cv_env_CXX_value=
ac_cv_env_EDIT_CFLAGS_set=
ac_cv_env_EDIT_CFLAGS_value=
ac_cv_env_EDIT_LIBS_set=
ac_cv_env_EDIT_LIBS_value=
ac_cv_env_ENCHANT_CFLAGS_set=
ac_cv_env_ENCHANT_CFLAGS_value=
ac_cv_env_ENCHANT_LIBS_set=
ac_cv_env_ENCHANT_LIBS_value=
ac_cv_env_EXPAT_CFLAGS_set=
ac_cv_env_EXPAT_CFLAGS_value=
ac_cv_env_EXPAT_LIBS_set=
ac_cv_env_EXPAT_LIBS_value=
ac_cv_env_EXSLT_CFLAGS_set=
ac_cv_env_EXSLT_CFLAGS_value=
ac_cv_env_EXSLT_LIBS_set=
ac_cv_env_EXSLT_LIBS_value=
ac_cv_env_FFI_CFLAGS_set=
ac_cv_env_FFI_CFLAGS_value=
ac_cv_env_FFI_LIBS_set=
ac_cv_env_FFI_LIBS_value=
ac_cv_env_FREETYPE2_CFLAGS_set=
ac_cv_env_FREETYPE2_CFLAGS_value=
ac_cv_env_FREETYPE2_LIBS_set=
ac_cv_env_FREETYPE2_LIBS_value=
ac_cv_env_GDLIB_CFLAGS_set=
ac_cv_env_GDLIB_CFLAGS_value=
ac_cv_env_GDLIB_LIBS_set=
ac_cv_env_GDLIB_LIBS_value=
ac_cv_env_ICU_CFLAGS_set=
ac_cv_env_ICU_CFLAGS_value=
ac_cv_env_ICU_LIBS_set=
ac_cv_env_ICU_LIBS_value=
ac_cv_env_JPEG_CFLAGS_set=
ac_cv_env_JPEG_CFLAGS_value=
ac_cv_env_JPEG_LIBS_set=
ac_cv_env_JPEG_LIBS_value=
ac_cv_env_KERBEROS_CFLAGS_set=
ac_cv_env_KERBEROS_CFLAGS_value=
ac_cv_env_KERBEROS_LIBS_set=
ac_cv_env_KERBEROS_LIBS_value=
ac_cv_env_LDFLAGS_set=
ac_cv_env_LDFLAGS_value=
ac_cv_env_LIBSODIUM_CFLAGS_set=
ac_cv_env_LIBSODIUM_CFLAGS_value=
ac_cv_env_LIBSODIUM_LIBS_set=
ac_cv_env_LIBSODIUM_LIBS_value=
ac_cv_env_LIBS_set=
ac_cv_env_LIBS_value=
ac_cv_env_LIBXML_CFLAGS_set=
ac_cv_env_LIBXML_CFLAGS_value=
ac_cv_env_LIBXML_LIBS_set=
ac_cv_env_LIBXML_LIBS_value=
ac_cv_env_LIBZIP_CFLAGS_set=
ac_cv_env_LIBZIP_CFLAGS_value=
ac_cv_env_LIBZIP_LIBS_set=
ac_cv_env_LIBZIP_LIBS_value=
ac_cv_env_ODBC_CFLAGS_set=
ac_cv_env_ODBC_CFLAGS_value=
ac_cv_env_ODBC_LIBS_set=
ac_cv_env_ODBC_LIBS_value=
ac_cv_env_ONIG_CFLAGS_set=
ac_cv_env_ONIG_CFLAGS_value=
ac_cv_env_ONIG_LIBS_set=
ac_cv_env_ONIG_LIBS_value=
ac_cv_env_OPENSSL_CFLAGS_set=
ac_cv_env_OPENSSL_CFLAGS_value=
ac_cv_env_OPENSSL_LIBS_set=
ac_cv_env_OPENSSL_LIBS_value=
ac_cv_env_PCRE2_CFLAGS_set=
ac_cv_env_PCRE2_CFLAGS_value=
ac_cv_env_PCRE2_LIBS_set=
ac_cv_env_PCRE2_LIBS_value=
ac_cv_env_PKG_CONFIG_LIBDIR_set=
ac_cv_env_PKG_CONFIG_LIBDIR_value=
ac_cv_env_PKG_CONFIG_PATH_set=set
ac_cv_env_PKG_CONFIG_PATH_value=/mingw32/lib/pkgconfig:/mingw32/share/pkgconfig
ac_cv_env_PKG_CONFIG_set=
ac_cv_env_PKG_CONFIG_value=
ac_cv_env_PNG_CFLAGS_set=
ac_cv_env_PNG_CFLAGS_value=
ac_cv_env_PNG_LIBS_set=
ac_cv_env_PNG_LIBS_value=
ac_cv_env_SASL_CFLAGS_set=
ac_cv_env_SASL_CFLAGS_value=
ac_cv_env_SASL_LIBS_set=
ac_cv_env_SASL_LIBS_value=
ac_cv_env_SQLITE_CFLAGS_set=
ac_cv_env_SQLITE_CFLAGS_value=
ac_cv_env_SQLITE_LIBS_set=
ac_cv_env_SQLITE_LIBS_value=
ac_cv_env_SYSTEMD_CFLAGS_set=
ac_cv_env_SYSTEMD_CFLAGS_value=
ac_cv_env_SYSTEMD_LIBS_set=
ac_cv_env_SYSTEMD_LIBS_value=
ac_cv_env_VALGRIND_CFLAGS_set=
ac_cv_env_VALGRIND_CFLAGS_value=
ac_cv_env_VALGRIND_LIBS_set=
ac_cv_env_VALGRIND_LIBS_value=
ac_cv_env_WEBP_CFLAGS_set=
ac_cv_env_WEBP_CFLAGS_value=
ac_cv_env_WEBP_LIBS_set=
ac_cv_env_WEBP_LIBS_value=
ac_cv_env_XPM_CFLAGS_set=
ac_cv_env_XPM_CFLAGS_value=
ac_cv_env_XPM_LIBS_set=
ac_cv_env_XPM_LIBS_value=
ac_cv_env_XSL_CFLAGS_set=
ac_cv_env_XSL_CFLAGS_value=
ac_cv_env_XSL_LIBS_set=
ac_cv_env_XSL_LIBS_value=
ac_cv_env_ZLIB_CFLAGS_set=
ac_cv_env_ZLIB_CFLAGS_value=
ac_cv_env_ZLIB_LIBS_set=
ac_cv_env_ZLIB_LIBS_value=
ac_cv_env_build_alias_set=
ac_cv_env_build_alias_value=
ac_cv_env_host_alias_set=
ac_cv_env_host_alias_value=
ac_cv_env_target_alias_set=
ac_cv_env_target_alias_value=
ac_cv_exeext=.exe
ac_cv_header_inttypes_h=yes
ac_cv_header_memory_h=yes
ac_cv_header_minix_config_h=no
ac_cv_header_stdc=yes
ac_cv_header_stdint_h=yes
ac_cv_header_stdlib_h=yes
ac_cv_header_string_h=yes
ac_cv_header_strings_h=yes
ac_cv_header_sys_stat_h=yes
ac_cv_header_sys_types_h=yes
ac_cv_header_unistd_h=yes
ac_cv_host=i686-pc-mingw32
ac_cv_objext=o
ac_cv_path_EGREP='/usr/bin/grep -E'
ac_cv_path_GREP=/usr/bin/grep
ac_cv_path_SED=/usr/bin/sed
ac_cv_prog_AWK=gawk
ac_cv_prog_CPP='gcc -E'
ac_cv_prog_ac_ct_CC=gcc
ac_cv_prog_cc_c89=
ac_cv_prog_cc_g=yes
ac_cv_safe_to_define___extensions__=yes
ac_cv_target=i686-pc-mingw32
ax_cv_check_cflags___fvisibility_hidden=yes
php_cv_cc_dashr=no
php_cv_cc_rpath=yes

## ----------------- ##
## Output variables. ##
## ----------------- ##


## ----------- ##
## confdefs.h. ##
## ----------- ##

/* confdefs.h */
#define PACKAGE_NAME "PHP"
#define PACKAGE_TARNAME "php"
#define PACKAGE_VERSION "7.4.7"
#define PACKAGE_STRING "PHP 7.4.7"
#define PACKAGE_BUGREPORT "https://bugs.php.net"
#define PACKAGE_URL "https://www.php.net"
#define STDC_HEADERS 1
#define HAVE_SYS_TYPES_H 1
#define HAVE_SYS_STAT_H 1
#define HAVE_STDLIB_H 1
#define HAVE_STRING_H 1
#define HAVE_MEMORY_H 1
#define HAVE_STRINGS_H 1
#define HAVE_INTTYPES_H 1
#define HAVE_STDINT_H 1
#define HAVE_UNISTD_H 1
#define __EXTENSIONS__ 1
#define _ALL_SOURCE 1
#define _GNU_SOURCE 1
#define _POSIX_PTHREAD_SEMANTICS 1
#define _TANDEM_SOURCE 1
#define HAVE_DEV_URANDOM 1

configure: caught signal 2
configure: exit 1
